2016-03-17 16:21:43.690 INFO  com.bbva.mmap.Launcher - Starting Launcher on DESKTOP-UOKULT9 with PID 5368 (D:\Workspace\Java\MQInspector\target\classes started by jorge in D:\Workspace\Java\MQInspector)
2016-03-17 16:21:43.698 INFO  com.bbva.mmap.Launcher - No active profile set, falling back to default profiles: default
2016-03-17 16:21:43.820 INFO  o.s.c.a.AnnotationConfigApplicationContext - Refreshing org.springframework.context.annotation.AnnotationConfigApplicationContext@29ba4338: startup date [Thu Mar 17 16:21:43 CET 2016]; root of context hierarchy
2016-03-17 16:21:44.257 INFO  o.s.b.f.a.AutowiredAnnotationBeanPostProcessor - JSR-330 'javax.inject.Inject' annotation found and supported for autowiring
2016-03-17 16:21:45.611 INFO  o.s.oxm.jaxb.Jaxb2Marshaller - Creating JAXBContext with classes to be bound [class com.bbva.mmap.model.MQInfoModel]
2016-03-17 16:21:45.899 INFO  com.bbva.mmap.Launcher - Started Launcher in 2.594 seconds (JVM running for 3.56)
2016-03-17 16:21:45.900 INFO  o.s.c.a.AnnotationConfigApplicationContext - Closing org.springframework.context.annotation.AnnotationConfigApplicationContext@29ba4338: startup date [Thu Mar 17 16:21:43 CET 2016]; root of context hierarchy
2016-03-17 16:23:20.749 INFO  com.bbva.mmap.Launcher - Starting Launcher on DESKTOP-UOKULT9 with PID 15192 (D:\Workspace\Java\MQInspector\target\classes started by jorge in D:\Workspace\Java\MQInspector)
2016-03-17 16:23:20.756 INFO  com.bbva.mmap.Launcher - No active profile set, falling back to default profiles: default
2016-03-17 16:23:20.862 INFO  o.s.c.a.AnnotationConfigApplicationContext - Refreshing org.springframework.context.annotation.AnnotationConfigApplicationContext@29ba4338: startup date [Thu Mar 17 16:23:20 CET 2016]; root of context hierarchy
2016-03-17 16:23:21.315 INFO  o.s.b.f.a.AutowiredAnnotationBeanPostProcessor - JSR-330 'javax.inject.Inject' annotation found and supported for autowiring
2016-03-17 16:23:22.371 INFO  o.s.oxm.jaxb.Jaxb2Marshaller - Creating JAXBContext with classes to be bound [class com.bbva.mmap.model.MQInfoModel]
2016-03-17 16:23:22.785 INFO  com.bbva.mmap.Launcher - Started Launcher in 2.538 seconds (JVM running for 3.897)
2016-03-17 16:23:22.786 INFO  o.s.c.a.AnnotationConfigApplicationContext - Closing org.springframework.context.annotation.AnnotationConfigApplicationContext@29ba4338: startup date [Thu Mar 17 16:23:20 CET 2016]; root of context hierarchy
2016-04-04 14:07:35.800 INFO  com.bbva.mmap.Launcher - Starting Launcher on DESKTOP-UOKULT9 with PID 12304 (D:\Workspace\Java\MQInspector\target\classes started by jorge in D:\Workspace\Java\MQInspector)
2016-04-04 14:07:35.806 INFO  com.bbva.mmap.Launcher - No active profile set, falling back to default profiles: default
2016-04-04 14:07:35.917 INFO  o.s.c.a.AnnotationConfigApplicationContext - Refreshing org.springframework.context.annotation.AnnotationConfigApplicationContext@29ba4338: startup date [Mon Apr 04 14:07:35 CEST 2016]; root of context hierarchy
2016-04-04 14:07:36.428 INFO  o.s.b.f.a.AutowiredAnnotationBeanPostProcessor - JSR-330 'javax.inject.Inject' annotation found and supported for autowiring
2016-04-04 14:07:40.657 INFO  o.s.oxm.jaxb.Jaxb2Marshaller - Creating JAXBContext with classes to be bound [class com.bbva.mmap.model.MQInfoModel]
2016-04-04 14:07:41.916 INFO  com.bbva.mmap.Launcher - Started Launcher in 6.593 seconds (JVM running for 7.633)
2016-04-04 14:07:41.917 INFO  o.s.c.a.AnnotationConfigApplicationContext - Closing org.springframework.context.annotation.AnnotationConfigApplicationContext@29ba4338: startup date [Mon Apr 04 14:07:35 CEST 2016]; root of context hierarchy
2016-04-04 14:23:23.596 INFO  com.bbva.mmap.Launcher - Starting Launcher on DESKTOP-UOKULT9 with PID 5176 (D:\Workspace\Java\MQInspector\target\classes started by jorge in D:\Workspace\Java\MQInspector)
2016-04-04 14:23:23.600 INFO  com.bbva.mmap.Launcher - No active profile set, falling back to default profiles: default
2016-04-04 14:23:23.691 INFO  o.s.c.a.AnnotationConfigApplicationContext - Refreshing org.springframework.context.annotation.AnnotationConfigApplicationContext@29ba4338: startup date [Mon Apr 04 14:23:23 CEST 2016]; root of context hierarchy
2016-04-04 14:23:24.182 INFO  o.s.b.f.a.AutowiredAnnotationBeanPostProcessor - JSR-330 'javax.inject.Inject' annotation found and supported for autowiring
2016-04-04 14:23:26.346 INFO  o.s.oxm.jaxb.Jaxb2Marshaller - Creating JAXBContext with classes to be bound [class com.bbva.mmap.model.MQInfoModel]
2016-04-04 14:23:26.876 INFO  com.bbva.mmap.Launcher - Started Launcher in 3.65 seconds (JVM running for 5.075)
2016-04-04 14:23:26.877 INFO  o.s.c.a.AnnotationConfigApplicationContext - Closing org.springframework.context.annotation.AnnotationConfigApplicationContext@29ba4338: startup date [Mon Apr 04 14:23:23 CEST 2016]; root of context hierarchy
